2025-01-12 04:05:02 DEBUG TelegramBot:37 - /start
2025-01-12 04:05:02 ERROR TelegramBot:55 - org.telegram.telegrambots.meta.exceptions.TelegramApiRequestException: Unable to deserialize response
2025-01-12 04:05:10 DEBUG TelegramBot:37 - ldgjbeg
2025-01-12 04:05:10 ERROR TelegramBot:55 - org.telegram.telegrambots.meta.exceptions.TelegramApiRequestException: Unable to deserialize response
2025-01-12 04:05:14 DEBUG TelegramBot:37 - blbkdguv
2025-01-12 04:05:15 ERROR TelegramBot:55 - org.telegram.telegrambots.meta.exceptions.TelegramApiRequestException: Unable to deserialize response
2025-01-12 04:06:23 DEBUG TelegramBot:37 - иди нахуй
2025-01-12 04:06:23 ERROR TelegramBot:55 - org.telegram.telegrambots.meta.exceptions.TelegramApiRequestException: Unable to deserialize response
2025-01-12 04:07:28 DEBUG TelegramBot:37 - /start
2025-01-12 04:07:28 ERROR TelegramBot:55 - org.telegram.telegrambots.meta.exceptions.TelegramApiRequestException: Unable to deserialize response
2025-01-13 03:07:53 DEBUG TelegramBot:39 - /start
2025-01-13 03:07:53 ERROR TelegramBot:57 - org.telegram.telegrambots.meta.exceptions.TelegramApiRequestException: Unable to deserialize response
2025-01-13 03:08:12 DEBUG TelegramBot:39 - /start
2025-01-13 03:08:12 ERROR TelegramBot:57 - org.telegram.telegrambots.meta.exceptions.TelegramApiRequestException: Unable to deserialize response
2025-01-13 03:15:32 DEBUG TelegramBot:47 - /start
2025-01-13 04:29:53 DEBUG UpdateProducer:19 - /start
2025-01-13 04:29:56 DEBUG UpdateProducer:19 - d;gojevev
2025-01-13 04:30:07 ERROR UpdateController:46 - Unsupported message type is received: Update(updateId=172123566, message=null, inlineQuery=null, chosenInlineQuery=null, callbackQuery=null, editedMessage=Message(messageId=30, from=User(id=715651858, firstName=Даниил, isBot=false, lastName=null, userName=hamm1ng, languageCode=ru, canJoinGroups=null, canReadAllGroupMessages=null, supportInlineQueries=null, isPremium=true, addedToAttachmentMenu=null), date=1736731796, chat=Chat(id=715651858, type=private, title=null, firstName=Даниил, lastName=null, userName=hamm1ng, photo=null, description=null, inviteLink=null, pinnedMessage=null, stickerSetName=null, canSetStickerSet=null, permissions=null, slowModeDelay=null, bio=null, linkedChatId=null, location=null, messageAutoDeleteTime=null, hasPrivateForwards=null, HasProtectedContent=null, joinToSendMessages=null, joinByRequest=null), forwardFrom=null, forwardFromChat=null, forwardDate=null, text=d;gojevevdsopghv, entities=null, captionEntities=null, audio=null, document=null, photo=null, sticker=null, video=null, contact=null, location=null, venue=null, animation=null, pinnedMessage=null, newChatMembers=[], leftChatMember=null, newChatTitle=null, newChatPhoto=null, deleteChatPhoto=null, groupchatCreated=null, replyToMessage=null, voice=null, caption=null, superGroupCreated=null, channelChatCreated=null, migrateToChatId=null, migrateFromChatId=null, editDate=1736731807, game=null, forwardFromMessageId=null, invoice=null, successfulPayment=null, videoNote=null, authorSignature=null, forwardSignature=null, mediaGroupId=null, connectedWebsite=null, passportData=null, forwardSenderName=null, poll=null, replyMarkup=null, dice=null, viaBot=null, senderChat=null, proximityAlertTriggered=null, messageAutoDeleteTimerChanged=null, isAutomaticForward=null, hasProtectedContent=null, webAppData=null, videoChatStarted=null, videoChatEnded=null, videoChatParticipantsInvited=null, videoChatScheduled=null), channelPost=null, editedChannelPost=null, shippingQuery=null, preCheckoutQuery=null, poll=null, pollAnswer=null, myChatMember=null, chatMember=null, chatJoinRequest=null)
2025-01-13 04:32:58 DEBUG UpdateProducer:19 - 
2025-01-13 04:33:43 DEBUG UpdateProducer:19 - 
2025-01-13 06:35:40 DEBUG UpdateProducer:19 - /start
2025-01-13 07:47:18 DEBUG UpdateProducer:26 - /start
2025-01-13 07:47:31 DEBUG UpdateProducer:26 - piews9gfvh\
2025-01-13 17:24:22 DEBUG UpdateProducer:26 - /start
2025-01-13 17:56:00 DEBUG UpdateProducer:26 - hello from chat
2025-01-13 17:56:32 DEBUG UpdateProducer:26 - ougfvuog
2025-01-13 17:56:47 DEBUG UpdateProducer:26 - ;khk
2025-01-13 18:00:33 ERROR UpdateController:49 - Unsupported message type is received: Update(updateId=172123576, message=null, inlineQuery=null, chosenInlineQuery=null, callbackQuery=null, editedMessage=Message(messageId=46, from=User(id=715651858, firstName=Даниил, isBot=false, lastName=null, userName=hamm1ng, languageCode=ru, canJoinGroups=null, canReadAllGroupMessages=null, supportInlineQueries=null, isPremium=true, addedToAttachmentMenu=null), date=1736780207, chat=Chat(id=715651858, type=private, title=null, firstName=Даниил, lastName=null, userName=hamm1ng, photo=null, description=null, inviteLink=null, pinnedMessage=null, stickerSetName=null, canSetStickerSet=null, permissions=null, slowModeDelay=null, bio=null, linkedChatId=null, location=null, messageAutoDeleteTime=null, hasPrivateForwards=null, HasProtectedContent=null, joinToSendMessages=null, joinByRequest=null), forwardFrom=null, forwardFromChat=null, forwardDate=null, text=;khkedgv, entities=null, captionEntities=null, audio=null, document=null, photo=null, sticker=null, video=null, contact=null, location=null, venue=null, animation=null, pinnedMessage=null, newChatMembers=[], leftChatMember=null, newChatTitle=null, newChatPhoto=null, deleteChatPhoto=null, groupchatCreated=null, replyToMessage=null, voice=null, caption=null, superGroupCreated=null, channelChatCreated=null, migrateToChatId=null, migrateFromChatId=null, editDate=1736780434, game=null, forwardFromMessageId=null, invoice=null, successfulPayment=null, videoNote=null, authorSignature=null, forwardSignature=null, mediaGroupId=null, connectedWebsite=null, passportData=null, forwardSenderName=null, poll=null, replyMarkup=null, dice=null, viaBot=null, senderChat=null, proximityAlertTriggered=null, messageAutoDeleteTimerChanged=null, isAutomaticForward=null, hasProtectedContent=null, webAppData=null, videoChatStarted=null, videoChatEnded=null, videoChatParticipantsInvited=null, videoChatScheduled=null), channelPost=null, editedChannelPost=null, shippingQuery=null, preCheckoutQuery=null, poll=null, pollAnswer=null, myChatMember=null, chatMember=null, chatJoinRequest=null)
2025-01-13 18:01:05 DEBUG UpdateProducer:26 - 
2025-01-13 18:01:50 DEBUG UpdateProducer:26 - 
2025-01-13 18:03:41 DEBUG UpdateProducer:26 - /start
2025-01-13 18:04:07 DEBUG UpdateProducer:26 - привет
2025-01-13 18:04:16 DEBUG UpdateProducer:26 - как дела?
2025-01-13 18:04:23 DEBUG UpdateProducer:26 - 
2025-01-13 18:06:25 DEBUG UpdateProducer:26 - а почему так долго обрабатывается?
2025-01-13 18:06:36 DEBUG UpdateProducer:26 - а можно на русском
2025-01-13 18:06:41 DEBUG UpdateProducer:26 - понятно
2025-01-16 05:07:24 DEBUG UpdateProducer:26 - привет
2025-01-16 05:07:31 DEBUG UpdateProducer:26 - /start
2025-01-16 05:07:33 DEBUG UpdateProducer:26 - /start
2025-01-16 05:07:37 DEBUG UpdateProducer:26 - \start
2025-01-16 05:07:41 DEBUG UpdateProducer:26 - /start
2025-01-17 04:22:12 DEBUG UpdateProducer:26 - /start
2025-01-17 04:25:28 DEBUG UpdateProducer:26 - /start
2025-01-17 04:26:01 DEBUG UpdateProducer:26 - answer from NODE
2025-01-17 05:32:50 DEBUG UpdateProducer:26 - osjvgbsvng
2025-01-17 05:33:59 DEBUG UpdateProducer:26 - /start
2025-01-17 05:34:03 DEBUG UpdateProducer:26 - hello
2025-01-17 05:38:58 DEBUG UpdateProducer:26 - hello
2025-01-17 05:46:10 DEBUG UpdateProducer:26 - dgsfd
2025-01-17 05:50:31 DEBUG UpdateProducer:26 - щдцыгпимазфмйа
2025-01-17 05:52:24 DEBUG UpdateProducer:26 - жшапмгщдамг
2025-01-17 05:53:29 DEBUG UpdateProducer:26 - /start
2025-01-17 05:53:33 DEBUG UpdateProducer:26 - УВХЩОЩОФЬДИ
2025-01-17 05:53:46 DEBUG UpdateProducer:26 - ыломпидылит м
2025-01-17 05:54:32 DEBUG UpdateProducer:26 - /start
2025-01-17 05:54:35 DEBUG UpdateProducer:26 - зжшэипзши
2025-01-17 05:54:37 DEBUG UpdateProducer:26 - шлмшгмщжм
2025-01-17 05:54:58 DEBUG UpdateProducer:26 - згпипи
2025-01-17 05:55:00 DEBUG UpdateProducer:26 - одиитлти
2025-01-17 05:55:02 DEBUG UpdateProducer:26 - оилвтимшлтув
2025-01-17 05:55:03 DEBUG UpdateProducer:26 - оымиим
2025-01-17 05:55:05 DEBUG UpdateProducer:26 - мдвлтштмшаи
2025-01-17 05:55:07 DEBUG UpdateProducer:26 - влмтвмт
2025-01-17 05:55:09 DEBUG UpdateProducer:26 - ызастзышвтмыв
2025-01-17 05:55:11 DEBUG UpdateProducer:26 - ымлыджоаыжадоы
2025-01-17 07:25:47 DEBUG UpdateProducer:26 - привет
2025-01-17 07:26:03 DEBUG UpdateProducer:26 - я иду сдавать кровь
2025-01-17 07:26:37 DEBUG UpdateProducer:26 - добавь меня пж в базу данных
2025-01-17 07:26:53 DEBUG UpdateProducer:26 - 
2025-01-17 07:27:09 DEBUG UpdateProducer:26 - это я сегодня буду писать шифры такие
2025-01-18 02:15:05 DEBUG UpdateProducer:26 - /start
2025-01-18 02:15:09 DEBUG UpdateProducer:26 - ldjkh
2025-01-18 02:15:17 DEBUG UpdateProducer:26 - egfvegvesdvg
2025-01-18 03:05:44 DEBUG UpdateProducer:26 - /start
2025-01-18 03:06:17 ERROR UpdateController:49 - Unsupported message type is received: Update(updateId=172123624, message=null, inlineQuery=null, chosenInlineQuery=null, callbackQuery=null, editedMessage=null, channelPost=null, editedChannelPost=null, shippingQuery=null, preCheckoutQuery=null, poll=null, pollAnswer=null, myChatMember=ChatMemberUpdated(chat=Chat(id=715651858, type=private, title=null, firstName=Даниил, lastName=null, userName=hamm1ng, photo=null, description=null, inviteLink=null, pinnedMessage=null, stickerSetName=null, canSetStickerSet=null, permissions=null, slowModeDelay=null, bio=null, linkedChatId=null, location=null, messageAutoDeleteTime=null, hasPrivateForwards=null, HasProtectedContent=null, joinToSendMessages=null, joinByRequest=null), from=User(id=715651858, firstName=Даниил, isBot=false, lastName=null, userName=hamm1ng, languageCode=ru, canJoinGroups=null, canReadAllGroupMessages=null, supportInlineQueries=null, isPremium=true, addedToAttachmentMenu=null), date=1737158777, oldChatMember=ChatMemberMember(status=member, user=User(id=7656696491, firstName=File Sharing 📲, isBot=true, lastName=null, userName=hamming_file_sharing_bot, languageCode=null, canJoinGroups=null, canReadAllGroupMessages=null, supportInlineQueries=null, isPremium=null, addedToAttachmentMenu=null)), newChatMember=ChatMemberBanned(status=kicked, user=User(id=7656696491, firstName=File Sharing 📲, isBot=true, lastName=null, userName=hamming_file_sharing_bot, languageCode=null, canJoinGroups=null, canReadAllGroupMessages=null, supportInlineQueries=null, isPremium=null, addedToAttachmentMenu=null), untilDate=0), inviteLink=null), chatMember=null, chatJoinRequest=null)
2025-01-18 03:06:19 ERROR UpdateController:49 - Unsupported message type is received: Update(updateId=172123625, message=null, inlineQuery=null, chosenInlineQuery=null, callbackQuery=null, editedMessage=null, channelPost=null, editedChannelPost=null, shippingQuery=null, preCheckoutQuery=null, poll=null, pollAnswer=null, myChatMember=ChatMemberUpdated(chat=Chat(id=715651858, type=private, title=null, firstName=Даниил, lastName=null, userName=hamm1ng, photo=null, description=null, inviteLink=null, pinnedMessage=null, stickerSetName=null, canSetStickerSet=null, permissions=null, slowModeDelay=null, bio=null, linkedChatId=null, location=null, messageAutoDeleteTime=null, hasPrivateForwards=null, HasProtectedContent=null, joinToSendMessages=null, joinByRequest=null), from=User(id=715651858, firstName=Даниил, isBot=false, lastName=null, userName=hamm1ng, languageCode=ru, canJoinGroups=null, canReadAllGroupMessages=null, supportInlineQueries=null, isPremium=true, addedToAttachmentMenu=null), date=1737158779, oldChatMember=ChatMemberBanned(status=kicked, user=User(id=7656696491, firstName=File Sharing 📲, isBot=true, lastName=null, userName=hamming_file_sharing_bot, languageCode=null, canJoinGroups=null, canReadAllGroupMessages=null, supportInlineQueries=null, isPremium=null, addedToAttachmentMenu=null), untilDate=0), newChatMember=ChatMemberMember(status=member, user=User(id=7656696491, firstName=File Sharing 📲, isBot=true, lastName=null, userName=hamming_file_sharing_bot, languageCode=null, canJoinGroups=null, canReadAllGroupMessages=null, supportInlineQueries=null, isPremium=null, addedToAttachmentMenu=null)), inviteLink=null), chatMember=null, chatJoinRequest=null)
2025-01-18 03:06:19 DEBUG UpdateProducer:26 - /start
2025-01-18 03:06:35 DEBUG UpdateProducer:26 - /help
2025-01-18 03:09:05 DEBUG UpdateProducer:26 - /start
2025-01-18 03:12:32 ERROR UpdateController:49 - Unsupported message type is received: Update(updateId=172123629, message=null, inlineQuery=null, chosenInlineQuery=null, callbackQuery=null, editedMessage=null, channelPost=null, editedChannelPost=null, shippingQuery=null, preCheckoutQuery=null, poll=null, pollAnswer=null, myChatMember=ChatMemberUpdated(chat=Chat(id=715651858, type=private, title=null, firstName=Даниил, lastName=null, userName=hamm1ng, photo=null, description=null, inviteLink=null, pinnedMessage=null, stickerSetName=null, canSetStickerSet=null, permissions=null, slowModeDelay=null, bio=null, linkedChatId=null, location=null, messageAutoDeleteTime=null, hasPrivateForwards=null, HasProtectedContent=null, joinToSendMessages=null, joinByRequest=null), from=User(id=715651858, firstName=Даниил, isBot=false, lastName=null, userName=hamm1ng, languageCode=ru, canJoinGroups=null, canReadAllGroupMessages=null, supportInlineQueries=null, isPremium=true, addedToAttachmentMenu=null), date=1737159152, oldChatMember=ChatMemberMember(status=member, user=User(id=7656696491, firstName=File Sharing 📲, isBot=true, lastName=null, userName=hamming_file_sharing_bot, languageCode=null, canJoinGroups=null, canReadAllGroupMessages=null, supportInlineQueries=null, isPremium=null, addedToAttachmentMenu=null)), newChatMember=ChatMemberBanned(status=kicked, user=User(id=7656696491, firstName=File Sharing 📲, isBot=true, lastName=null, userName=hamming_file_sharing_bot, languageCode=null, canJoinGroups=null, canReadAllGroupMessages=null, supportInlineQueries=null, isPremium=null, addedToAttachmentMenu=null), untilDate=0), inviteLink=null), chatMember=null, chatJoinRequest=null)
2025-01-18 03:12:33 ERROR UpdateController:49 - Unsupported message type is received: Update(updateId=172123630, message=null, inlineQuery=null, chosenInlineQuery=null, callbackQuery=null, editedMessage=null, channelPost=null, editedChannelPost=null, shippingQuery=null, preCheckoutQuery=null, poll=null, pollAnswer=null, myChatMember=ChatMemberUpdated(chat=Chat(id=715651858, type=private, title=null, firstName=Даниил, lastName=null, userName=hamm1ng, photo=null, description=null, inviteLink=null, pinnedMessage=null, stickerSetName=null, canSetStickerSet=null, permissions=null, slowModeDelay=null, bio=null, linkedChatId=null, location=null, messageAutoDeleteTime=null, hasPrivateForwards=null, HasProtectedContent=null, joinToSendMessages=null, joinByRequest=null), from=User(id=715651858, firstName=Даниил, isBot=false, lastName=null, userName=hamm1ng, languageCode=ru, canJoinGroups=null, canReadAllGroupMessages=null, supportInlineQueries=null, isPremium=true, addedToAttachmentMenu=null), date=1737159153, oldChatMember=ChatMemberBanned(status=kicked, user=User(id=7656696491, firstName=File Sharing 📲, isBot=true, lastName=null, userName=hamming_file_sharing_bot, languageCode=null, canJoinGroups=null, canReadAllGroupMessages=null, supportInlineQueries=null, isPremium=null, addedToAttachmentMenu=null), untilDate=0), newChatMember=ChatMemberMember(status=member, user=User(id=7656696491, firstName=File Sharing 📲, isBot=true, lastName=null, userName=hamming_file_sharing_bot, languageCode=null, canJoinGroups=null, canReadAllGroupMessages=null, supportInlineQueries=null, isPremium=null, addedToAttachmentMenu=null)), inviteLink=null), chatMember=null, chatJoinRequest=null)
2025-01-18 03:12:33 DEBUG UpdateProducer:26 - /start
2025-01-18 03:12:43 DEBUG UpdateProducer:26 - /help
2025-01-18 03:12:46 DEBUG UpdateProducer:26 - /registration
2025-01-18 03:12:48 DEBUG UpdateProducer:26 - /cancel
2025-01-18 03:13:08 DEBUG UpdateProducer:26 - lkrng;dsgbv
2025-01-18 03:13:51 DEBUG UpdateProducer:26 - 
2025-01-18 04:36:18 DEBUG UpdateProducer:26 - /start
2025-01-18 04:37:55 DEBUG UpdateProducer:26 - /start
2025-01-18 04:37:57 DEBUG UpdateProducer:26 - /help
2025-01-18 04:37:59 DEBUG UpdateProducer:26 - /registration
2025-01-18 04:38:09 DEBUG UpdateProducer:26 - 
2025-01-18 04:40:12 DEBUG UpdateProducer:26 - /cancel
2025-01-18 04:41:00 DEBUG UpdateProducer:26 - 
2025-01-22 07:15:59 DEBUG UpdateProducer:26 - /start
2025-01-22 07:16:01 DEBUG UpdateProducer:26 - /help
2025-01-22 07:16:02 DEBUG UpdateProducer:26 - /cancel
2025-01-22 07:16:13 DEBUG UpdateProducer:26 - /cancel
2025-01-22 07:16:43 DEBUG UpdateProducer:26 - 
2025-01-22 07:20:53 DEBUG UpdateProducer:26 - /cancel
2025-01-22 07:33:51 DEBUG UpdateProducer:26 - /cancel
2025-01-22 07:52:13 ERROR UpdateController:49 - Unsupported message type is received: Update(updateId=172123655, message=null, inlineQuery=null, chosenInlineQuery=null, callbackQuery=null, editedMessage=null, channelPost=null, editedChannelPost=null, shippingQuery=null, preCheckoutQuery=null, poll=null, pollAnswer=null, myChatMember=ChatMemberUpdated(chat=Chat(id=715651858, type=private, title=null, firstName=Даниил, lastName=null, userName=hamm1ng, photo=null, description=null, inviteLink=null, pinnedMessage=null, stickerSetName=null, canSetStickerSet=null, permissions=null, slowModeDelay=null, bio=null, linkedChatId=null, location=null, messageAutoDeleteTime=null, hasPrivateForwards=null, HasProtectedContent=null, joinToSendMessages=null, joinByRequest=null), from=User(id=715651858, firstName=Даниил, isBot=false, lastName=null, userName=hamm1ng, languageCode=ru, canJoinGroups=null, canReadAllGroupMessages=null, supportInlineQueries=null, isPremium=true, addedToAttachmentMenu=null), date=1737521533, oldChatMember=ChatMemberMember(status=member, user=User(id=7656696491, firstName=File Sharing 📲, isBot=true, lastName=null, userName=hamming_file_sharing_bot, languageCode=null, canJoinGroups=null, canReadAllGroupMessages=null, supportInlineQueries=null, isPremium=null, addedToAttachmentMenu=null)), newChatMember=ChatMemberBanned(status=kicked, user=User(id=7656696491, firstName=File Sharing 📲, isBot=true, lastName=null, userName=hamming_file_sharing_bot, languageCode=null, canJoinGroups=null, canReadAllGroupMessages=null, supportInlineQueries=null, isPremium=null, addedToAttachmentMenu=null), untilDate=0), inviteLink=null), chatMember=null, chatJoinRequest=null)
2025-01-22 07:52:14 ERROR UpdateController:49 - Unsupported message type is received: Update(updateId=172123656, message=null, inlineQuery=null, chosenInlineQuery=null, callbackQuery=null, editedMessage=null, channelPost=null, editedChannelPost=null, shippingQuery=null, preCheckoutQuery=null, poll=null, pollAnswer=null, myChatMember=ChatMemberUpdated(chat=Chat(id=715651858, type=private, title=null, firstName=Даниил, lastName=null, userName=hamm1ng, photo=null, description=null, inviteLink=null, pinnedMessage=null, stickerSetName=null, canSetStickerSet=null, permissions=null, slowModeDelay=null, bio=null, linkedChatId=null, location=null, messageAutoDeleteTime=null, hasPrivateForwards=null, HasProtectedContent=null, joinToSendMessages=null, joinByRequest=null), from=User(id=715651858, firstName=Даниил, isBot=false, lastName=null, userName=hamm1ng, languageCode=ru, canJoinGroups=null, canReadAllGroupMessages=null, supportInlineQueries=null, isPremium=true, addedToAttachmentMenu=null), date=1737521535, oldChatMember=ChatMemberBanned(status=kicked, user=User(id=7656696491, firstName=File Sharing 📲, isBot=true, lastName=null, userName=hamming_file_sharing_bot, languageCode=null, canJoinGroups=null, canReadAllGroupMessages=null, supportInlineQueries=null, isPremium=null, addedToAttachmentMenu=null), untilDate=0), newChatMember=ChatMemberMember(status=member, user=User(id=7656696491, firstName=File Sharing 📲, isBot=true, lastName=null, userName=hamming_file_sharing_bot, languageCode=null, canJoinGroups=null, canReadAllGroupMessages=null, supportInlineQueries=null, isPremium=null, addedToAttachmentMenu=null)), inviteLink=null), chatMember=null, chatJoinRequest=null)
2025-01-22 07:52:14 DEBUG UpdateProducer:26 - /start
2025-01-22 07:52:35 DEBUG UpdateProducer:26 - волипв
2025-01-22 07:52:41 DEBUG UpdateProducer:26 - /help
2025-01-22 07:52:50 DEBUG UpdateProducer:26 - /start
2025-01-22 11:31:18 ERROR UpdateController:49 - Unsupported message type is received: Update(updateId=172123661, message=null, inlineQuery=null, chosenInlineQuery=null, callbackQuery=null, editedMessage=null, channelPost=null, editedChannelPost=null, shippingQuery=null, preCheckoutQuery=null, poll=null, pollAnswer=null, myChatMember=ChatMemberUpdated(chat=Chat(id=715651858, type=private, title=null, firstName=Даниил, lastName=null, userName=hamm1ng, photo=null, description=null, inviteLink=null, pinnedMessage=null, stickerSetName=null, canSetStickerSet=null, permissions=null, slowModeDelay=null, bio=null, linkedChatId=null, location=null, messageAutoDeleteTime=null, hasPrivateForwards=null, HasProtectedContent=null, joinToSendMessages=null, joinByRequest=null), from=User(id=715651858, firstName=Даниил, isBot=false, lastName=null, userName=hamm1ng, languageCode=ru, canJoinGroups=null, canReadAllGroupMessages=null, supportInlineQueries=null, isPremium=true, addedToAttachmentMenu=null), date=1737534679, oldChatMember=ChatMemberMember(status=member, user=User(id=7656696491, firstName=File Sharing 📲, isBot=true, lastName=null, userName=hamming_file_sharing_bot, languageCode=null, canJoinGroups=null, canReadAllGroupMessages=null, supportInlineQueries=null, isPremium=null, addedToAttachmentMenu=null)), newChatMember=ChatMemberBanned(status=kicked, user=User(id=7656696491, firstName=File Sharing 📲, isBot=true, lastName=null, userName=hamming_file_sharing_bot, languageCode=null, canJoinGroups=null, canReadAllGroupMessages=null, supportInlineQueries=null, isPremium=null, addedToAttachmentMenu=null), untilDate=0), inviteLink=null), chatMember=null, chatJoinRequest=null)
2025-01-22 11:31:19 ERROR UpdateController:49 - Unsupported message type is received: Update(updateId=172123662, message=null, inlineQuery=null, chosenInlineQuery=null, callbackQuery=null, editedMessage=null, channelPost=null, editedChannelPost=null, shippingQuery=null, preCheckoutQuery=null, poll=null, pollAnswer=null, myChatMember=ChatMemberUpdated(chat=Chat(id=715651858, type=private, title=null, firstName=Даниил, lastName=null, userName=hamm1ng, photo=null, description=null, inviteLink=null, pinnedMessage=null, stickerSetName=null, canSetStickerSet=null, permissions=null, slowModeDelay=null, bio=null, linkedChatId=null, location=null, messageAutoDeleteTime=null, hasPrivateForwards=null, HasProtectedContent=null, joinToSendMessages=null, joinByRequest=null), from=User(id=715651858, firstName=Даниил, isBot=false, lastName=null, userName=hamm1ng, languageCode=ru, canJoinGroups=null, canReadAllGroupMessages=null, supportInlineQueries=null, isPremium=true, addedToAttachmentMenu=null), date=1737534680, oldChatMember=ChatMemberBanned(status=kicked, user=User(id=7656696491, firstName=File Sharing 📲, isBot=true, lastName=null, userName=hamming_file_sharing_bot, languageCode=null, canJoinGroups=null, canReadAllGroupMessages=null, supportInlineQueries=null, isPremium=null, addedToAttachmentMenu=null), untilDate=0), newChatMember=ChatMemberMember(status=member, user=User(id=7656696491, firstName=File Sharing 📲, isBot=true, lastName=null, userName=hamming_file_sharing_bot, languageCode=null, canJoinGroups=null, canReadAllGroupMessages=null, supportInlineQueries=null, isPremium=null, addedToAttachmentMenu=null)), inviteLink=null), chatMember=null, chatJoinRequest=null)
2025-01-22 11:31:19 DEBUG UpdateProducer:26 - /start
2025-01-22 11:31:21 DEBUG UpdateProducer:26 - /start
2025-01-22 14:38:34 ERROR UpdateController:49 - Unsupported message type is received: Update(updateId=172123665, message=null, inlineQuery=null, chosenInlineQuery=null, callbackQuery=null, editedMessage=null, channelPost=null, editedChannelPost=null, shippingQuery=null, preCheckoutQuery=null, poll=null, pollAnswer=null, myChatMember=ChatMemberUpdated(chat=Chat(id=715651858, type=private, title=null, firstName=Даниил, lastName=null, userName=hamm1ng, photo=null, description=null, inviteLink=null, pinnedMessage=null, stickerSetName=null, canSetStickerSet=null, permissions=null, slowModeDelay=null, bio=null, linkedChatId=null, location=null, messageAutoDeleteTime=null, hasPrivateForwards=null, HasProtectedContent=null, joinToSendMessages=null, joinByRequest=null), from=User(id=715651858, firstName=Даниил, isBot=false, lastName=null, userName=hamm1ng, languageCode=ru, canJoinGroups=null, canReadAllGroupMessages=null, supportInlineQueries=null, isPremium=true, addedToAttachmentMenu=null), date=1737545914, oldChatMember=ChatMemberMember(status=member, user=User(id=7656696491, firstName=File Sharing 📲, isBot=true, lastName=null, userName=hamming_file_sharing_bot, languageCode=null, canJoinGroups=null, canReadAllGroupMessages=null, supportInlineQueries=null, isPremium=null, addedToAttachmentMenu=null)), newChatMember=ChatMemberBanned(status=kicked, user=User(id=7656696491, firstName=File Sharing 📲, isBot=true, lastName=null, userName=hamming_file_sharing_bot, languageCode=null, canJoinGroups=null, canReadAllGroupMessages=null, supportInlineQueries=null, isPremium=null, addedToAttachmentMenu=null), untilDate=0), inviteLink=null), chatMember=null, chatJoinRequest=null)
2025-01-22 14:38:35 ERROR UpdateController:49 - Unsupported message type is received: Update(updateId=172123666, message=null, inlineQuery=null, chosenInlineQuery=null, callbackQuery=null, editedMessage=null, channelPost=null, editedChannelPost=null, shippingQuery=null, preCheckoutQuery=null, poll=null, pollAnswer=null, myChatMember=ChatMemberUpdated(chat=Chat(id=715651858, type=private, title=null, firstName=Даниил, lastName=null, userName=hamm1ng, photo=null, description=null, inviteLink=null, pinnedMessage=null, stickerSetName=null, canSetStickerSet=null, permissions=null, slowModeDelay=null, bio=null, linkedChatId=null, location=null, messageAutoDeleteTime=null, hasPrivateForwards=null, HasProtectedContent=null, joinToSendMessages=null, joinByRequest=null), from=User(id=715651858, firstName=Даниил, isBot=false, lastName=null, userName=hamm1ng, languageCode=ru, canJoinGroups=null, canReadAllGroupMessages=null, supportInlineQueries=null, isPremium=true, addedToAttachmentMenu=null), date=1737545915, oldChatMember=ChatMemberBanned(status=kicked, user=User(id=7656696491, firstName=File Sharing 📲, isBot=true, lastName=null, userName=hamming_file_sharing_bot, languageCode=null, canJoinGroups=null, canReadAllGroupMessages=null, supportInlineQueries=null, isPremium=null, addedToAttachmentMenu=null), untilDate=0), newChatMember=ChatMemberMember(status=member, user=User(id=7656696491, firstName=File Sharing 📲, isBot=true, lastName=null, userName=hamming_file_sharing_bot, languageCode=null, canJoinGroups=null, canReadAllGroupMessages=null, supportInlineQueries=null, isPremium=null, addedToAttachmentMenu=null)), inviteLink=null), chatMember=null, chatJoinRequest=null)
2025-01-22 14:38:35 DEBUG UpdateProducer:26 - /start
2025-01-22 14:38:39 DEBUG UpdateProducer:26 - /help
2025-01-22 14:38:42 DEBUG UpdateProducer:26 - /cancel
2025-01-22 14:38:45 DEBUG UpdateProducer:26 - /registration
2025-01-22 14:39:03 DEBUG UpdateProducer:26 - 
2025-01-22 14:39:18 DEBUG UpdateProducer:26 - /cancel
2025-01-22 15:02:34 DEBUG UpdateProducer:26 - /start
2025-01-22 15:02:35 DEBUG UpdateProducer:26 - /help
2025-01-22 15:02:37 DEBUG UpdateProducer:26 - /cancel
2025-01-22 15:02:38 DEBUG UpdateProducer:26 - /registration
2025-01-22 15:31:08 DEBUG UpdateProducer:26 - /start
2025-01-22 15:31:09 DEBUG UpdateProducer:26 - /help
2025-01-22 15:31:20 DEBUG UpdateProducer:26 - 
2025-01-23 02:44:06 DEBUG UpdateProducer:26 - /start
2025-01-23 02:44:19 DEBUG UpdateProducer:26 - /cancel
2025-01-23 02:44:20 DEBUG UpdateProducer:26 - /registration
2025-01-23 02:44:30 ERROR UpdateController:49 - Unsupported message type is received: Update(updateId=172123683, message=null, inlineQuery=null, chosenInlineQuery=null, callbackQuery=null, editedMessage=null, channelPost=null, editedChannelPost=null, shippingQuery=null, preCheckoutQuery=null, poll=null, pollAnswer=null, myChatMember=ChatMemberUpdated(chat=Chat(id=715651858, type=private, title=null, firstName=Даниил, lastName=null, userName=hamm1ng, photo=null, description=null, inviteLink=null, pinnedMessage=null, stickerSetName=null, canSetStickerSet=null, permissions=null, slowModeDelay=null, bio=null, linkedChatId=null, location=null, messageAutoDeleteTime=null, hasPrivateForwards=null, HasProtectedContent=null, joinToSendMessages=null, joinByRequest=null), from=User(id=715651858, firstName=Даниил, isBot=false, lastName=null, userName=hamm1ng, languageCode=ru, canJoinGroups=null, canReadAllGroupMessages=null, supportInlineQueries=null, isPremium=true, addedToAttachmentMenu=null), date=1737589469, oldChatMember=ChatMemberMember(status=member, user=User(id=7656696491, firstName=File Sharing 📲, isBot=true, lastName=null, userName=hamming_file_sharing_bot, languageCode=null, canJoinGroups=null, canReadAllGroupMessages=null, supportInlineQueries=null, isPremium=null, addedToAttachmentMenu=null)), newChatMember=ChatMemberBanned(status=kicked, user=User(id=7656696491, firstName=File Sharing 📲, isBot=true, lastName=null, userName=hamming_file_sharing_bot, languageCode=null, canJoinGroups=null, canReadAllGroupMessages=null, supportInlineQueries=null, isPremium=null, addedToAttachmentMenu=null), untilDate=0), inviteLink=null), chatMember=null, chatJoinRequest=null)
2025-01-23 02:44:34 ERROR UpdateController:49 - Unsupported message type is received: Update(updateId=172123684, message=null, inlineQuery=null, chosenInlineQuery=null, callbackQuery=null, editedMessage=null, channelPost=null, editedChannelPost=null, shippingQuery=null, preCheckoutQuery=null, poll=null, pollAnswer=null, myChatMember=ChatMemberUpdated(chat=Chat(id=715651858, type=private, title=null, firstName=Даниил, lastName=null, userName=hamm1ng, photo=null, description=null, inviteLink=null, pinnedMessage=null, stickerSetName=null, canSetStickerSet=null, permissions=null, slowModeDelay=null, bio=null, linkedChatId=null, location=null, messageAutoDeleteTime=null, hasPrivateForwards=null, HasProtectedContent=null, joinToSendMessages=null, joinByRequest=null), from=User(id=715651858, firstName=Даниил, isBot=false, lastName=null, userName=hamm1ng, languageCode=ru, canJoinGroups=null, canReadAllGroupMessages=null, supportInlineQueries=null, isPremium=true, addedToAttachmentMenu=null), date=1737589473, oldChatMember=ChatMemberBanned(status=kicked, user=User(id=7656696491, firstName=File Sharing 📲, isBot=true, lastName=null, userName=hamming_file_sharing_bot, languageCode=null, canJoinGroups=null, canReadAllGroupMessages=null, supportInlineQueries=null, isPremium=null, addedToAttachmentMenu=null), untilDate=0), newChatMember=ChatMemberMember(status=member, user=User(id=7656696491, firstName=File Sharing 📲, isBot=true, lastName=null, userName=hamming_file_sharing_bot, languageCode=null, canJoinGroups=null, canReadAllGroupMessages=null, supportInlineQueries=null, isPremium=null, addedToAttachmentMenu=null)), inviteLink=null), chatMember=null, chatJoinRequest=null)
2025-01-23 02:44:34 DEBUG UpdateProducer:26 - /start
2025-01-23 02:45:06 DEBUG UpdateProducer:26 - /help
2025-01-23 02:45:09 DEBUG UpdateProducer:26 - /help
2025-01-23 04:04:20 DEBUG UpdateProducer:26 - /start
2025-01-23 04:04:22 DEBUG UpdateProducer:26 - /help
2025-01-23 04:04:34 DEBUG UpdateProducer:26 - 
2025-01-23 04:14:05 ERROR UpdateController:49 - Unsupported message type is received: Update(updateId=172123691, message=null, inlineQuery=null, chosenInlineQuery=null, callbackQuery=null, editedMessage=null, channelPost=null, editedChannelPost=null, shippingQuery=null, preCheckoutQuery=null, poll=null, pollAnswer=null, myChatMember=ChatMemberUpdated(chat=Chat(id=715651858, type=private, title=null, firstName=Даниил, lastName=null, userName=hamm1ng, photo=null, description=null, inviteLink=null, pinnedMessage=null, stickerSetName=null, canSetStickerSet=null, permissions=null, slowModeDelay=null, bio=null, linkedChatId=null, location=null, messageAutoDeleteTime=null, hasPrivateForwards=null, HasProtectedContent=null, joinToSendMessages=null, joinByRequest=null), from=User(id=715651858, firstName=Даниил, isBot=false, lastName=null, userName=hamm1ng, languageCode=ru, canJoinGroups=null, canReadAllGroupMessages=null, supportInlineQueries=null, isPremium=true, addedToAttachmentMenu=null), date=1737594844, oldChatMember=ChatMemberMember(status=member, user=User(id=7656696491, firstName=File Sharing 📲, isBot=true, lastName=null, userName=hamming_file_sharing_bot, languageCode=null, canJoinGroups=null, canReadAllGroupMessages=null, supportInlineQueries=null, isPremium=null, addedToAttachmentMenu=null)), newChatMember=ChatMemberBanned(status=kicked, user=User(id=7656696491, firstName=File Sharing 📲, isBot=true, lastName=null, userName=hamming_file_sharing_bot, languageCode=null, canJoinGroups=null, canReadAllGroupMessages=null, supportInlineQueries=null, isPremium=null, addedToAttachmentMenu=null), untilDate=0), inviteLink=null), chatMember=null, chatJoinRequest=null)
2025-01-23 04:14:06 ERROR UpdateController:49 - Unsupported message type is received: Update(updateId=172123692, message=null, inlineQuery=null, chosenInlineQuery=null, callbackQuery=null, editedMessage=null, channelPost=null, editedChannelPost=null, shippingQuery=null, preCheckoutQuery=null, poll=null, pollAnswer=null, myChatMember=ChatMemberUpdated(chat=Chat(id=715651858, type=private, title=null, firstName=Даниил, lastName=null, userName=hamm1ng, photo=null, description=null, inviteLink=null, pinnedMessage=null, stickerSetName=null, canSetStickerSet=null, permissions=null, slowModeDelay=null, bio=null, linkedChatId=null, location=null, messageAutoDeleteTime=null, hasPrivateForwards=null, HasProtectedContent=null, joinToSendMessages=null, joinByRequest=null), from=User(id=715651858, firstName=Даниил, isBot=false, lastName=null, userName=hamm1ng, languageCode=ru, canJoinGroups=null, canReadAllGroupMessages=null, supportInlineQueries=null, isPremium=true, addedToAttachmentMenu=null), date=1737594845, oldChatMember=ChatMemberBanned(status=kicked, user=User(id=7656696491, firstName=File Sharing 📲, isBot=true, lastName=null, userName=hamming_file_sharing_bot, languageCode=null, canJoinGroups=null, canReadAllGroupMessages=null, supportInlineQueries=null, isPremium=null, addedToAttachmentMenu=null), untilDate=0), newChatMember=ChatMemberMember(status=member, user=User(id=7656696491, firstName=File Sharing 📲, isBot=true, lastName=null, userName=hamming_file_sharing_bot, languageCode=null, canJoinGroups=null, canReadAllGroupMessages=null, supportInlineQueries=null, isPremium=null, addedToAttachmentMenu=null)), inviteLink=null), chatMember=null, chatJoinRequest=null)
2025-01-23 04:14:06 DEBUG UpdateProducer:26 - /start
2025-01-23 04:14:13 DEBUG UpdateProducer:26 - 
2025-01-23 04:20:14 DEBUG UpdateProducer:26 - 
2025-01-23 04:24:05 DEBUG UpdateProducer:26 - 
2025-01-23 04:24:41 DEBUG UpdateProducer:26 - 
2025-01-23 04:25:10 DEBUG UpdateProducer:26 - 
2025-01-23 04:27:49 DEBUG UpdateProducer:26 - 
2025-01-23 04:31:40 DEBUG UpdateProducer:26 - 
2025-01-23 04:32:24 DEBUG UpdateProducer:26 - 
2025-01-23 05:02:36 DEBUG UpdateProducer:26 - /help
2025-01-23 05:02:46 DEBUG UpdateProducer:26 - /cancel
2025-01-23 05:02:55 DEBUG UpdateProducer:26 - /registration
2025-01-23 05:04:22 DEBUG UpdateProducer:26 - hello world
2025-01-23 05:52:05 DEBUG UpdateProducer:26 - /start
2025-01-23 05:52:11 DEBUG UpdateProducer:26 - 
2025-01-23 05:54:22 DEBUG UpdateProducer:26 - 
2025-01-23 05:54:48 DEBUG UpdateProducer:26 - 
2025-01-23 06:19:09 DEBUG UpdateProducer:26 - /start
2025-01-23 06:19:23 DEBUG UpdateProducer:26 - 
2025-01-23 06:21:19 DEBUG UpdateProducer:26 - 
2025-01-23 10:16:17 DEBUG UpdateProducer:26 - /start
2025-01-23 10:16:17 DEBUG UpdateProducer:26 - 
2025-01-23 10:16:17 DEBUG UpdateProducer:26 - 
2025-01-23 10:16:17 DEBUG UpdateProducer:26 - 
2025-01-23 10:17:43 DEBUG UpdateProducer:26 - 
2025-01-23 10:17:43 DEBUG UpdateProducer:26 - 
2025-01-23 10:17:43 DEBUG UpdateProducer:26 - 
2025-01-23 10:18:07 DEBUG UpdateProducer:26 - /start
2025-01-23 10:18:16 DEBUG UpdateProducer:26 - /help
2025-01-23 10:18:25 DEBUG UpdateProducer:26 - 
2025-01-23 10:37:15 DEBUG UpdateProducer:26 - /start
2025-01-23 11:00:36 DEBUG UpdateProducer:26 - /start
2025-01-23 11:00:38 DEBUG UpdateProducer:26 - /help
2025-01-23 11:00:39 DEBUG UpdateProducer:26 - /registration
2025-01-23 12:55:09 ERROR UpdateController:49 - Unsupported message type is received: Update(updateId=172123727, message=null, inlineQuery=null, chosenInlineQuery=null, callbackQuery=null, editedMessage=null, channelPost=null, editedChannelPost=null, shippingQuery=null, preCheckoutQuery=null, poll=null, pollAnswer=null, myChatMember=ChatMemberUpdated(chat=Chat(id=715651858, type=private, title=null, firstName=Даниил, lastName=null, userName=hamm1ng, photo=null, description=null, inviteLink=null, pinnedMessage=null, stickerSetName=null, canSetStickerSet=null, permissions=null, slowModeDelay=null, bio=null, linkedChatId=null, location=null, messageAutoDeleteTime=null, hasPrivateForwards=null, HasProtectedContent=null, joinToSendMessages=null, joinByRequest=null), from=User(id=715651858, firstName=Даниил, isBot=false, lastName=null, userName=hamm1ng, languageCode=ru, canJoinGroups=null, canReadAllGroupMessages=null, supportInlineQueries=null, isPremium=true, addedToAttachmentMenu=null), date=1737626107, oldChatMember=ChatMemberMember(status=member, user=User(id=7656696491, firstName=File Sharing 📲, isBot=true, lastName=null, userName=hamming_file_sharing_bot, languageCode=null, canJoinGroups=null, canReadAllGroupMessages=null, supportInlineQueries=null, isPremium=null, addedToAttachmentMenu=null)), newChatMember=ChatMemberBanned(status=kicked, user=User(id=7656696491, firstName=File Sharing 📲, isBot=true, lastName=null, userName=hamming_file_sharing_bot, languageCode=null, canJoinGroups=null, canReadAllGroupMessages=null, supportInlineQueries=null, isPremium=null, addedToAttachmentMenu=null), untilDate=0), inviteLink=null), chatMember=null, chatJoinRequest=null)
2025-01-23 12:55:10 ERROR UpdateController:49 - Unsupported message type is received: Update(updateId=172123728, message=null, inlineQuery=null, chosenInlineQuery=null, callbackQuery=null, editedMessage=null, channelPost=null, editedChannelPost=null, shippingQuery=null, preCheckoutQuery=null, poll=null, pollAnswer=null, myChatMember=ChatMemberUpdated(chat=Chat(id=715651858, type=private, title=null, firstName=Даниил, lastName=null, userName=hamm1ng, photo=null, description=null, inviteLink=null, pinnedMessage=null, stickerSetName=null, canSetStickerSet=null, permissions=null, slowModeDelay=null, bio=null, linkedChatId=null, location=null, messageAutoDeleteTime=null, hasPrivateForwards=null, HasProtectedContent=null, joinToSendMessages=null, joinByRequest=null), from=User(id=715651858, firstName=Даниил, isBot=false, lastName=null, userName=hamm1ng, languageCode=ru, canJoinGroups=null, canReadAllGroupMessages=null, supportInlineQueries=null, isPremium=true, addedToAttachmentMenu=null), date=1737626108, oldChatMember=ChatMemberBanned(status=kicked, user=User(id=7656696491, firstName=File Sharing 📲, isBot=true, lastName=null, userName=hamming_file_sharing_bot, languageCode=null, canJoinGroups=null, canReadAllGroupMessages=null, supportInlineQueries=null, isPremium=null, addedToAttachmentMenu=null), untilDate=0), newChatMember=ChatMemberMember(status=member, user=User(id=7656696491, firstName=File Sharing 📲, isBot=true, lastName=null, userName=hamming_file_sharing_bot, languageCode=null, canJoinGroups=null, canReadAllGroupMessages=null, supportInlineQueries=null, isPremium=null, addedToAttachmentMenu=null)), inviteLink=null), chatMember=null, chatJoinRequest=null)
2025-01-23 12:55:10 DEBUG UpdateProducer:26 - /start
2025-01-23 12:55:11 DEBUG UpdateProducer:26 - /help
2025-01-23 12:55:25 DEBUG UpdateProducer:26 - 
2025-01-23 12:55:31 DEBUG UpdateProducer:26 - /registration
2025-01-23 12:55:48 DEBUG UpdateProducer:26 - daniilcernyh2006@gmail.com
2025-01-23 12:57:08 DEBUG UpdateProducer:26 - 
2025-01-23 14:46:36 DEBUG UpdateProducer:26 - /start
2025-01-23 14:52:23 DEBUG UpdateProducer:26 - привет
2025-01-23 14:52:35 DEBUG UpdateProducer:26 - как дела?
2025-01-23 14:53:21 DEBUG UpdateProducer:26 - 
2025-01-23 14:53:31 DEBUG UpdateProducer:26 - 
2025-01-23 14:55:19 DEBUG UpdateProducer:26 - /help
2025-01-23 14:56:56 DEBUG UpdateProducer:26 - /registration
2025-01-23 14:58:38 DEBUG UpdateProducer:26 - /start
2025-01-23 15:00:19 ERROR UpdateController:49 - Unsupported message type is received: Update(updateId=172123743, message=null, inlineQuery=null, chosenInlineQuery=null, callbackQuery=null, editedMessage=null, channelPost=null, editedChannelPost=null, shippingQuery=null, preCheckoutQuery=null, poll=null, pollAnswer=null, myChatMember=ChatMemberUpdated(chat=Chat(id=715651858, type=private, title=null, firstName=Даниил, lastName=null, userName=hamm1ng, photo=null, description=null, inviteLink=null, pinnedMessage=null, stickerSetName=null, canSetStickerSet=null, permissions=null, slowModeDelay=null, bio=null, linkedChatId=null, location=null, messageAutoDeleteTime=null, hasPrivateForwards=null, HasProtectedContent=null, joinToSendMessages=null, joinByRequest=null), from=User(id=715651858, firstName=Даниил, isBot=false, lastName=null, userName=hamm1ng, languageCode=ru, canJoinGroups=null, canReadAllGroupMessages=null, supportInlineQueries=null, isPremium=true, addedToAttachmentMenu=null), date=1737633619, oldChatMember=ChatMemberMember(status=member, user=User(id=7656696491, firstName=File Sharing 📲, isBot=true, lastName=null, userName=hamming_file_sharing_bot, languageCode=null, canJoinGroups=null, canReadAllGroupMessages=null, supportInlineQueries=null, isPremium=null, addedToAttachmentMenu=null)), newChatMember=ChatMemberBanned(status=kicked, user=User(id=7656696491, firstName=File Sharing 📲, isBot=true, lastName=null, userName=hamming_file_sharing_bot, languageCode=null, canJoinGroups=null, canReadAllGroupMessages=null, supportInlineQueries=null, isPremium=null, addedToAttachmentMenu=null), untilDate=0), inviteLink=null), chatMember=null, chatJoinRequest=null)
2025-01-23 15:00:20 ERROR UpdateController:49 - Unsupported message type is received: Update(updateId=172123744, message=null, inlineQuery=null, chosenInlineQuery=null, callbackQuery=null, editedMessage=null, channelPost=null, editedChannelPost=null, shippingQuery=null, preCheckoutQuery=null, poll=null, pollAnswer=null, myChatMember=ChatMemberUpdated(chat=Chat(id=715651858, type=private, title=null, firstName=Даниил, lastName=null, userName=hamm1ng, photo=null, description=null, inviteLink=null, pinnedMessage=null, stickerSetName=null, canSetStickerSet=null, permissions=null, slowModeDelay=null, bio=null, linkedChatId=null, location=null, messageAutoDeleteTime=null, hasPrivateForwards=null, HasProtectedContent=null, joinToSendMessages=null, joinByRequest=null), from=User(id=715651858, firstName=Даниил, isBot=false, lastName=null, userName=hamm1ng, languageCode=ru, canJoinGroups=null, canReadAllGroupMessages=null, supportInlineQueries=null, isPremium=true, addedToAttachmentMenu=null), date=1737633620, oldChatMember=ChatMemberBanned(status=kicked, user=User(id=7656696491, firstName=File Sharing 📲, isBot=true, lastName=null, userName=hamming_file_sharing_bot, languageCode=null, canJoinGroups=null, canReadAllGroupMessages=null, supportInlineQueries=null, isPremium=null, addedToAttachmentMenu=null), untilDate=0), newChatMember=ChatMemberMember(status=member, user=User(id=7656696491, firstName=File Sharing 📲, isBot=true, lastName=null, userName=hamming_file_sharing_bot, languageCode=null, canJoinGroups=null, canReadAllGroupMessages=null, supportInlineQueries=null, isPremium=null, addedToAttachmentMenu=null)), inviteLink=null), chatMember=null, chatJoinRequest=null)
2025-01-23 15:00:21 DEBUG UpdateProducer:26 - /start
2025-01-23 15:01:01 DEBUG UpdateProducer:26 - /start
2025-01-23 15:02:02 ERROR UpdateController:49 - Unsupported message type is received: Update(updateId=172123747, message=null, inlineQuery=null, chosenInlineQuery=null, callbackQuery=null, editedMessage=null, channelPost=null, editedChannelPost=null, shippingQuery=null, preCheckoutQuery=null, poll=null, pollAnswer=null, myChatMember=ChatMemberUpdated(chat=Chat(id=1395192562, type=private, title=null, firstName=Яна, lastName=null, userName=ya_doronina, photo=null, description=null, inviteLink=null, pinnedMessage=null, stickerSetName=null, canSetStickerSet=null, permissions=null, slowModeDelay=null, bio=null, linkedChatId=null, location=null, messageAutoDeleteTime=null, hasPrivateForwards=null, HasProtectedContent=null, joinToSendMessages=null, joinByRequest=null), from=User(id=1395192562, firstName=Яна, isBot=false, lastName=null, userName=ya_doronina, languageCode=ru, canJoinGroups=null, canReadAllGroupMessages=null, supportInlineQueries=null, isPremium=null, addedToAttachmentMenu=null), date=1737633722, oldChatMember=ChatMemberMember(status=member, user=User(id=7656696491, firstName=File Sharing 📲, isBot=true, lastName=null, userName=hamming_file_sharing_bot, languageCode=null, canJoinGroups=null, canReadAllGroupMessages=null, supportInlineQueries=null, isPremium=null, addedToAttachmentMenu=null)), newChatMember=ChatMemberBanned(status=kicked, user=User(id=7656696491, firstName=File Sharing 📲, isBot=true, lastName=null, userName=hamming_file_sharing_bot, languageCode=null, canJoinGroups=null, canReadAllGroupMessages=null, supportInlineQueries=null, isPremium=null, addedToAttachmentMenu=null), untilDate=0), inviteLink=null), chatMember=null, chatJoinRequest=null)
2025-01-23 15:02:08 ERROR UpdateController:49 - Unsupported message type is received: Update(updateId=172123748, message=null, inlineQuery=null, chosenInlineQuery=null, callbackQuery=null, editedMessage=null, channelPost=null, editedChannelPost=null, shippingQuery=null, preCheckoutQuery=null, poll=null, pollAnswer=null, myChatMember=ChatMemberUpdated(chat=Chat(id=1395192562, type=private, title=null, firstName=Яна, lastName=null, userName=ya_doronina, photo=null, description=null, inviteLink=null, pinnedMessage=null, stickerSetName=null, canSetStickerSet=null, permissions=null, slowModeDelay=null, bio=null, linkedChatId=null, location=null, messageAutoDeleteTime=null, hasPrivateForwards=null, HasProtectedContent=null, joinToSendMessages=null, joinByRequest=null), from=User(id=1395192562, firstName=Яна, isBot=false, lastName=null, userName=ya_doronina, languageCode=ru, canJoinGroups=null, canReadAllGroupMessages=null, supportInlineQueries=null, isPremium=null, addedToAttachmentMenu=null), date=1737633728, oldChatMember=ChatMemberBanned(status=kicked, user=User(id=7656696491, firstName=File Sharing 📲, isBot=true, lastName=null, userName=hamming_file_sharing_bot, languageCode=null, canJoinGroups=null, canReadAllGroupMessages=null, supportInlineQueries=null, isPremium=null, addedToAttachmentMenu=null), untilDate=0), newChatMember=ChatMemberMember(status=member, user=User(id=7656696491, firstName=File Sharing 📲, isBot=true, lastName=null, userName=hamming_file_sharing_bot, languageCode=null, canJoinGroups=null, canReadAllGroupMessages=null, supportInlineQueries=null, isPremium=null, addedToAttachmentMenu=null)), inviteLink=null), chatMember=null, chatJoinRequest=null)
2025-01-23 15:02:08 DEBUG UpdateProducer:26 - /start
2025-01-23 15:02:15 ERROR UpdateController:49 - Unsupported message type is received: Update(updateId=172123750, message=null, inlineQuery=null, chosenInlineQuery=null, callbackQuery=null, editedMessage=null, channelPost=null, editedChannelPost=null, shippingQuery=null, preCheckoutQuery=null, poll=null, pollAnswer=null, myChatMember=ChatMemberUpdated(chat=Chat(id=1395192562, type=private, title=null, firstName=Яна, lastName=null, userName=ya_doronina, photo=null, description=null, inviteLink=null, pinnedMessage=null, stickerSetName=null, canSetStickerSet=null, permissions=null, slowModeDelay=null, bio=null, linkedChatId=null, location=null, messageAutoDeleteTime=null, hasPrivateForwards=null, HasProtectedContent=null, joinToSendMessages=null, joinByRequest=null), from=User(id=1395192562, firstName=Яна, isBot=false, lastName=null, userName=ya_doronina, languageCode=ru, canJoinGroups=null, canReadAllGroupMessages=null, supportInlineQueries=null, isPremium=null, addedToAttachmentMenu=null), date=1737633735, oldChatMember=ChatMemberMember(status=member, user=User(id=7656696491, firstName=File Sharing 📲, isBot=true, lastName=null, userName=hamming_file_sharing_bot, languageCode=null, canJoinGroups=null, canReadAllGroupMessages=null, supportInlineQueries=null, isPremium=null, addedToAttachmentMenu=null)), newChatMember=ChatMemberBanned(status=kicked, user=User(id=7656696491, firstName=File Sharing 📲, isBot=true, lastName=null, userName=hamming_file_sharing_bot, languageCode=null, canJoinGroups=null, canReadAllGroupMessages=null, supportInlineQueries=null, isPremium=null, addedToAttachmentMenu=null), untilDate=0), inviteLink=null), chatMember=null, chatJoinRequest=null)
2025-01-23 15:02:26 ERROR UpdateController:49 - Unsupported message type is received: Update(updateId=172123751, message=null, inlineQuery=null, chosenInlineQuery=null, callbackQuery=null, editedMessage=null, channelPost=null, editedChannelPost=null, shippingQuery=null, preCheckoutQuery=null, poll=null, pollAnswer=null, myChatMember=ChatMemberUpdated(chat=Chat(id=1395192562, type=private, title=null, firstName=Яна, lastName=null, userName=ya_doronina, photo=null, description=null, inviteLink=null, pinnedMessage=null, stickerSetName=null, canSetStickerSet=null, permissions=null, slowModeDelay=null, bio=null, linkedChatId=null, location=null, messageAutoDeleteTime=null, hasPrivateForwards=null, HasProtectedContent=null, joinToSendMessages=null, joinByRequest=null), from=User(id=1395192562, firstName=Яна, isBot=false, lastName=null, userName=ya_doronina, languageCode=ru, canJoinGroups=null, canReadAllGroupMessages=null, supportInlineQueries=null, isPremium=null, addedToAttachmentMenu=null), date=1737633746, oldChatMember=ChatMemberBanned(status=kicked, user=User(id=7656696491, firstName=File Sharing 📲, isBot=true, lastName=null, userName=hamming_file_sharing_bot, languageCode=null, canJoinGroups=null, canReadAllGroupMessages=null, supportInlineQueries=null, isPremium=null, addedToAttachmentMenu=null), untilDate=0), newChatMember=ChatMemberMember(status=member, user=User(id=7656696491, firstName=File Sharing 📲, isBot=true, lastName=null, userName=hamming_file_sharing_bot, languageCode=null, canJoinGroups=null, canReadAllGroupMessages=null, supportInlineQueries=null, isPremium=null, addedToAttachmentMenu=null)), inviteLink=null), chatMember=null, chatJoinRequest=null)
2025-01-23 15:02:27 DEBUG UpdateProducer:26 - /start
